# JRE version: OpenJDK Runtime Environment Temurin-17.0.10+7 (17.0.10+7) (build 17.0.10+7)
# Java VM: OpenJDK 64-Bit Server VM Temurin-17.0.10+7 (17.0.10+7, mixed mode, tiered, compressed oops, compressed class ptrs, parallel gc, windows-amd64)
GC Precious Log:
 CPUs: 8 total, 8 available
 Memory: 16215M
 Large Page Support: Disabled
 NUMA Support: Disabled
 Compressed Oops: Enabled (32-bit)
 Alignments: Space 512K, Generation 512K, Heap 2M
 Heap Min Capacity: 100M
 Heap Initial Capacity: 100M
 Heap Max Capacity: 1G
 Pre-touch: Disabled
 Parallel Workers: 8
Heap:
 PSYoungGen      total 13824K, used 5666K [0x00000000eab00000, 0x00000000ebd80000, 0x0000000100000000)
  eden space 11264K, 29% used [0x00000000eab00000,0x00000000eae47f90,0x00000000eb600000)
  from space 2560K, 90% used [0x00000000ebb00000,0x00000000ebd408b0,0x00000000ebd80000)
  to   space 3584K, 0% used [0x00000000eb680000,0x00000000eb680000,0x00000000eba00000)
 ParOldGen       total 260096K, used 235885K [0x00000000c0000000, 0x00000000cfe00000, 0x00000000eab00000)
  object space 260096K, 90% used [0x00000000c0000000,0x00000000ce65b470,0x00000000cfe00000)
 Metaspace       used 75863K, committed 76928K, reserved 1179648K
  class space    used 8111K, committed 8576K, reserved 1048576K
GC Heap History (20 events):
Event: 548.701 GC heap before
{Heap before GC invocations=249 (full 12):
 PSYoungGen      total 13312K, used 12048K [0x00000000eab00000, 0x00000000ebc00000, 0x0000000100000000)
  eden space 11264K, 100% used [0x00000000eab00000,0x00000000eb600000,0x00000000eb600000)
  from space 2048K, 38% used [0x00000000eb800000,0x00000000eb8c4060,0x00000000eba00000)
  to   space 1536K, 0% used [0x00000000eba80000,0x00000000eba80000,0x00000000ebc00000)
 ParOldGen       total 260096K, used 227543K [0x00000000c0000000, 0x00000000cfe00000, 0x00000000eab00000)
  object space 260096K, 87% used [0x00000000c0000000,0x00000000cde35d18,0x00000000cfe00000)
 Metaspace       used 74953K, committed 76096K, reserved 1179648K
  class space    used 8063K, committed 8512K, reserved 1048576K
}
Event: 548.705 GC heap after
{Heap after GC invocations=249 (full 12):
 PSYoungGen      total 12800K, used 1504K [0x00000000eab00000, 0x00000000ebc00000, 0x0000000100000000)
  eden space 11264K, 0% used [0x00000000eab00000,0x00000000eab00000,0x00000000eb600000)
  from space 1536K, 97% used [0x00000000eba80000,0x00000000ebbf8070,0x00000000ebc00000)
  to   space 2560K, 0% used [0x00000000eb700000,0x00000000eb700000,0x00000000eb980000)
 ParOldGen       total 260096K, used 228008K [0x00000000c0000000, 0x00000000cfe00000, 0x00000000eab00000)
  object space 260096K, 87% used [0x00000000c0000000,0x00000000cdeaa2f0,0x00000000cfe00000)
 Metaspace       used 74953K, committed 76096K, reserved 1179648K
  class space    used 8063K, committed 8512K, reserved 1048576K
}
Event: 549.061 GC heap before
{Heap before GC invocations=250 (full 12):
 PSYoungGen      total 12800K, used 12768K [0x00000000eab00000, 0x00000000ebc00000, 0x0000000100000000)
  eden space 11264K, 100% used [0x00000000eab00000,0x00000000eb600000,0x00000000eb600000)
  from space 1536K, 97% used [0x00000000eba80000,0x00000000ebbf8070,0x00000000ebc00000)
  to   space 2560K, 0% used [0x00000000eb700000,0x00000000eb700000,0x00000000eb980000)
 ParOldGen       total 260096K, used 228008K [0x00000000c0000000, 0x00000000cfe00000, 0x00000000eab00000)
  object space 260096K, 87% used [0x00000000c0000000,0x00000000cdeaa2f0,0x00000000cfe00000)
 Metaspace       used 75006K, committed 76096K, reserved 1179648K
  class space    used 8064K, committed 8512K, reserved 1048576K
}
Event: 549.067 GC heap after
{Heap after GC invocations=250 (full 12):
 PSYoungGen      total 12800K, used 1312K [0x00000000eab00000, 0x00000000ebb00000, 0x0000000100000000)
  eden space 11264K, 0% used [0x00000000eab00000,0x00000000eab00000,0x00000000eb600000)
  from space 1536K, 85% used [0x00000000eb700000,0x00000000eb848040,0x00000000eb880000)
  to   space 2048K, 0% used [0x00000000eb900000,0x00000000eb900000,0x00000000ebb00000)
 ParOldGen       total 260096K, used 228616K [0x00000000c0000000, 0x00000000cfe00000, 0x00000000eab00000)
  object space 260096K, 87% used [0x00000000c0000000,0x00000000cdf42330,0x00000000cfe00000)
 Metaspace       used 75006K, committed 76096K, reserved 1179648K
  class space    used 8064K, committed 8512K, reserved 1048576K
}
Event: 549.221 GC heap before
{Heap before GC invocations=251 (full 12):
 PSYoungGen      total 12800K, used 12576K [0x00000000eab00000, 0x00000000ebb00000, 0x0000000100000000)
  eden space 11264K, 100% used [0x00000000eab00000,0x00000000eb600000,0x00000000eb600000)
  from space 1536K, 85% used [0x00000000eb700000,0x00000000eb848040,0x00000000eb880000)
  to   space 2048K, 0% used [0x00000000eb900000,0x00000000eb900000,0x00000000ebb00000)
 ParOldGen       total 260096K, used 228616K [0x00000000c0000000, 0x00000000cfe00000, 0x00000000eab00000)
  object space 260096K, 87% used [0x00000000c0000000,0x00000000cdf42330,0x00000000cfe00000)
 Metaspace       used 75052K, committed 76160K, reserved 1179648K
  class space    used 8064K, committed 8512K, reserved 1048576K
}
Event: 549.223 GC heap after
{Heap after GC invocations=251 (full 12):
 PSYoungGen      total 13312K, used 1570K [0x00000000eab00000, 0x00000000ebb00000, 0x0000000100000000)
  eden space 11264K, 0% used [0x00000000eab00000,0x00000000eab00000,0x00000000eb600000)
  from space 2048K, 76% used [0x00000000eb900000,0x00000000eba888d0,0x00000000ebb00000)
  to   space 2048K, 0% used [0x00000000eb700000,0x00000000eb700000,0x00000000eb900000)
 ParOldGen       total 260096K, used 228624K [0x00000000c0000000, 0x00000000cfe00000, 0x00000000eab00000)
  object space 260096K, 87% used [0x00000000c0000000,0x00000000cdf44330,0x00000000cfe00000)
 Metaspace       used 75052K, committed 76160K, reserved 1179648K
  class space    used 8064K, committed 8512K, reserved 1048576K
}
Event: 549.301 GC heap before
{Heap before GC invocations=252 (full 12):
 PSYoungGen      total 13312K, used 12834K [0x00000000eab00000, 0x00000000ebb00000, 0x0000000100000000)
  eden space 11264K, 100% used [0x00000000eab00000,0x00000000eb600000,0x00000000eb600000)
  from space 2048K, 76% used [0x00000000eb900000,0x00000000eba888d0,0x00000000ebb00000)
  to   space 2048K, 0% used [0x00000000eb700000,0x00000000eb700000,0x00000000eb900000)
 ParOldGen       total 260096K, used 228624K [0x00000000c0000000, 0x00000000cfe00000, 0x00000000eab00000)
  object space 260096K, 87% used [0x00000000c0000000,0x00000000cdf44330,0x00000000cfe00000)
 Metaspace       used 75086K, committed 76224K, reserved 1179648K
  class space    used 8064K, committed 8512K, reserved 1048576K
}
Event: 549.304 GC heap after
{Heap after GC invocations=252 (full 12):
 PSYoungGen      total 13312K, used 2018K [0x00000000eab00000, 0x00000000ebf00000, 0x0000000100000000)
  eden space 11264K, 0% used [0x00000000eab00000,0x00000000eab00000,0x00000000eb600000)
  from space 2048K, 98% used [0x00000000eb700000,0x00000000eb8f88d0,0x00000000eb900000)
  to   space 4608K, 0% used [0x00000000eba80000,0x00000000eba80000,0x00000000ebf00000)
 ParOldGen       total 260096K, used 230488K [0x00000000c0000000, 0x00000000cfe00000, 0x00000000eab00000)
  object space 260096K, 88% used [0x00000000c0000000,0x00000000ce116330,0x00000000cfe00000)
 Metaspace       used 75086K, committed 76224K, reserved 1179648K
  class space    used 8064K, committed 8512K, reserved 1048576K
}
Event: 582.518 GC heap before
{Heap before GC invocations=253 (full 12):
 PSYoungGen      total 13312K, used 13282K [0x00000000eab00000, 0x00000000ebf00000, 0x0000000100000000)
  eden space 11264K, 100% used [0x00000000eab00000,0x00000000eb600000,0x00000000eb600000)
  from space 2048K, 98% used [0x00000000eb700000,0x00000000eb8f88d0,0x00000000eb900000)
  to   space 4608K, 0% used [0x00000000eba80000,0x00000000eba80000,0x00000000ebf00000)
 ParOldGen       total 260096K, used 230488K [0x00000000c0000000, 0x00000000cfe00000, 0x00000000eab00000)
  object space 260096K, 88% used [0x00000000c0000000,0x00000000ce116330,0x00000000cfe00000)
 Metaspace       used 75393K, committed 76544K, reserved 1179648K
  class space    used 8078K, committed 8576K, reserved 1048576K
}
Event: 582.521 GC heap after
{Heap after GC invocations=253 (full 12):
 PSYoungGen      total 12800K, used 1312K [0x00000000eab00000, 0x00000000ebc00000, 0x0000000100000000)
  eden space 11264K, 0% used [0x00000000eab00000,0x00000000eab00000,0x00000000eb600000)
  from space 1536K, 85% used [0x00000000eba80000,0x00000000ebbc8080,0x00000000ebc00000)
  to   space 2560K, 0% used [0x00000000eb700000,0x00000000eb700000,0x00000000eb980000)
 ParOldGen       total 260096K, used 230743K [0x00000000c0000000, 0x00000000cfe00000, 0x00000000eab00000)
  object space 260096K, 88% used [0x00000000c0000000,0x00000000ce155d90,0x00000000cfe00000)
 Metaspace       used 75393K, committed 76544K, reserved 1179648K
  class space    used 8078K, committed 8576K, reserved 1048576K
}
Event: 582.884 GC heap before
{Heap before GC invocations=254 (full 12):
 PSYoungGen      total 12800K, used 12576K [0x00000000eab00000, 0x00000000ebc00000, 0x0000000100000000)
  eden space 11264K, 100% used [0x00000000eab00000,0x00000000eb600000,0x00000000eb600000)
  from space 1536K, 85% used [0x00000000eba80000,0x00000000ebbc8080,0x00000000ebc00000)
  to   space 2560K, 0% used [0x00000000eb700000,0x00000000eb700000,0x00000000eb980000)
 ParOldGen       total 260096K, used 230743K [0x00000000c0000000, 0x00000000cfe00000, 0x00000000eab00000)
  object space 260096K, 88% used [0x00000000c0000000,0x00000000ce155d90,0x00000000cfe00000)
 Metaspace       used 75576K, committed 76736K, reserved 1179648K
  class space    used 8095K, committed 8576K, reserved 1048576K
}
Event: 582.888 GC heap after
{Heap after GC invocations=254 (full 12):
 PSYoungGen      total 13824K, used 1376K [0x00000000eab00000, 0x00000000ebb00000, 0x0000000100000000)
  eden space 11264K, 0% used [0x00000000eab00000,0x00000000eab00000,0x00000000eb600000)
  from space 2560K, 53% used [0x00000000eb700000,0x00000000eb858060,0x00000000eb980000)
  to   space 1536K, 0% used [0x00000000eb980000,0x00000000eb980000,0x00000000ebb00000)
 ParOldGen       total 260096K, used 230751K [0x00000000c0000000, 0x00000000cfe00000, 0x00000000eab00000)
  object space 260096K, 88% used [0x00000000c0000000,0x00000000ce157d90,0x00000000cfe00000)
 Metaspace       used 75576K, committed 76736K, reserved 1179648K
  class space    used 8095K, committed 8576K, reserved 1048576K
}
Event: 583.369 GC heap before
{Heap before GC invocations=255 (full 12):
 PSYoungGen      total 13824K, used 12640K [0x00000000eab00000, 0x00000000ebb00000, 0x0000000100000000)
  eden space 11264K, 100% used [0x00000000eab00000,0x00000000eb600000,0x00000000eb600000)
  from space 2560K, 53% used [0x00000000eb700000,0x00000000eb858060,0x00000000eb980000)
  to   space 1536K, 0% used [0x00000000eb980000,0x00000000eb980000,0x00000000ebb00000)
 ParOldGen       total 260096K, used 230751K [0x00000000c0000000, 0x00000000cfe00000, 0x00000000eab00000)
  object space 260096K, 88% used [0x00000000c0000000,0x00000000ce157d90,0x00000000cfe00000)
 Metaspace       used 75696K, committed 76864K, reserved 1179648K
  class space    used 8101K, committed 8576K, reserved 1048576K
}
Event: 583.371 GC heap after
{Heap after GC invocations=255 (full 12):
 PSYoungGen      total 12800K, used 1510K [0x00000000eab00000, 0x00000000ebb00000, 0x0000000100000000)
  eden space 11264K, 0% used [0x00000000eab00000,0x00000000eab00000,0x00000000eb600000)
  from space 1536K, 98% used [0x00000000eb980000,0x00000000ebaf9a20,0x00000000ebb00000)
  to   space 2048K, 0% used [0x00000000eb700000,0x00000000eb700000,0x00000000eb900000)
 ParOldGen       total 260096K, used 230846K [0x00000000c0000000, 0x00000000cfe00000, 0x00000000eab00000)
  object space 260096K, 88% used [0x00000000c0000000,0x00000000ce16f858,0x00000000cfe00000)
 Metaspace       used 75696K, committed 76864K, reserved 1179648K
  class space    used 8101K, committed 8576K, reserved 1048576K
}
Event: 591.511 GC heap before
{Heap before GC invocations=256 (full 12):
 PSYoungGen      total 12800K, used 12774K [0x00000000eab00000, 0x00000000ebb00000, 0x0000000100000000)
  eden space 11264K, 99% used [0x00000000eab00000,0x00000000eb5fffe0,0x00000000eb600000)
  from space 1536K, 98% used [0x00000000eb980000,0x00000000ebaf9a20,0x00000000ebb00000)
  to   space 2048K, 0% used [0x00000000eb700000,0x00000000eb700000,0x00000000eb900000)
 ParOldGen       total 260096K, used 230846K [0x00000000c0000000, 0x00000000cfe00000, 0x00000000eab00000)
  object space 260096K, 88% used [0x00000000c0000000,0x00000000ce16f858,0x00000000cfe00000)
 Metaspace       used 75750K, committed 76864K, reserved 1179648K
  class space    used 8105K, committed 8576K, reserved 1048576K
}
Event: 591.516 GC heap after
{Heap after GC invocations=256 (full 12):
 PSYoungGen      total 13312K, used 2023K [0x00000000eab00000, 0x00000000ebf00000, 0x0000000100000000)
  eden space 11264K, 0% used [0x00000000eab00000,0x00000000eab00000,0x00000000eb600000)
  from space 2048K, 98% used [0x00000000eb700000,0x00000000eb8f9e28,0x00000000eb900000)
  to   space 4608K, 0% used [0x00000000eba80000,0x00000000eba80000,0x00000000ebf00000)
 ParOldGen       total 260096K, used 232871K [0x00000000c0000000, 0x00000000cfe00000, 0x00000000eab00000)
  object space 260096K, 89% used [0x00000000c0000000,0x00000000ce369d00,0x00000000cfe00000)
 Metaspace       used 75750K, committed 76864K, reserved 1179648K
  class space    used 8105K, committed 8576K, reserved 1048576K
}
Event: 593.187 GC heap before
{Heap before GC invocations=257 (full 12):
 PSYoungGen      total 13312K, used 13287K [0x00000000eab00000, 0x00000000ebf00000, 0x0000000100000000)
  eden space 11264K, 100% used [0x00000000eab00000,0x00000000eb600000,0x00000000eb600000)
  from space 2048K, 98% used [0x00000000eb700000,0x00000000eb8f9e28,0x00000000eb900000)
  to   space 4608K, 0% used [0x00000000eba80000,0x00000000eba80000,0x00000000ebf00000)
 ParOldGen       total 260096K, used 232871K [0x00000000c0000000, 0x00000000cfe00000, 0x00000000eab00000)
  object space 260096K, 89% used [0x00000000c0000000,0x00000000ce369d00,0x00000000cfe00000)
 Metaspace       used 75793K, committed 76928K, reserved 1179648K
  class space    used 8107K, committed 8576K, reserved 1048576K
}
Event: 593.194 GC heap after
{Heap after GC invocations=257 (full 12):
 PSYoungGen      total 15360K, used 3789K [0x00000000eab00000, 0x00000000ebe80000, 0x0000000100000000)
  eden space 11264K, 0% used [0x00000000eab00000,0x00000000eab00000,0x00000000eb600000)
  from space 4096K, 92% used [0x00000000eba80000,0x00000000ebe337e8,0x00000000ebe80000)
  to   space 4096K, 0% used [0x00000000eb680000,0x00000000eb680000,0x00000000eba80000)
 ParOldGen       total 260096K, used 233356K [0x00000000c0000000, 0x00000000cfe00000, 0x00000000eab00000)
  object space 260096K, 89% used [0x00000000c0000000,0x00000000ce3e31c0,0x00000000cfe00000)
 Metaspace       used 75793K, committed 76928K, reserved 1179648K
  class space    used 8107K, committed 8576K, reserved 1048576K
}
Event: 626.990 GC heap before
{Heap before GC invocations=258 (full 12):
 PSYoungGen      total 15360K, used 15053K [0x00000000eab00000, 0x00000000ebe80000, 0x0000000100000000)
  eden space 11264K, 100% used [0x00000000eab00000,0x00000000eb600000,0x00000000eb600000)
  from space 4096K, 92% used [0x00000000eba80000,0x00000000ebe337e8,0x00000000ebe80000)
  to   space 4096K, 0% used [0x00000000eb680000,0x00000000eb680000,0x00000000eba80000)
 ParOldGen       total 260096K, used 233356K [0x00000000c0000000, 0x00000000cfe00000, 0x00000000eab00000)
  object space 260096K, 89% used [0x00000000c0000000,0x00000000ce3e31c0,0x00000000cfe00000)
 Metaspace       used 75832K, committed 76928K, reserved 1179648K
  class space    used 8107K, committed 8576K, reserved 1048576K
}
Event: 626.996 GC heap after
{Heap after GC invocations=258 (full 12):
 PSYoungGen      total 15360K, used 4073K [0x00000000eab00000, 0x00000000ec000000, 0x0000000100000000)
  eden space 11264K, 0% used [0x00000000eab00000,0x00000000eab00000,0x00000000eb600000)
  from space 4096K, 99% used [0x00000000eb680000,0x00000000eba7a6b8,0x00000000eba80000)
  to   space 5120K, 0% used [0x00000000ebb00000,0x00000000ebb00000,0x00000000ec000000)
 ParOldGen       total 260096K, used 234068K [0x00000000c0000000, 0x00000000cfe00000, 0x00000000eab00000)
  object space 260096K, 89% used [0x00000000c0000000,0x00000000ce4951c0,0x00000000cfe00000)
 Metaspace       used 75832K, committed 76928K, reserved 1179648K
  class space    used 8107K, committed 8576K, reserved 1048576K
}

